# JRE version: OpenJDK Runtime Environment Temurin-21.0.10+7 (21.0.10+7) (build 21.0.10+7-LTS)
# Java VM: OpenJDK 64-Bit Server VM Temurin-21.0.10+7 (21.0.10+7-LTS, mixed mode, sharing, tiered, compressed oops, compressed class ptrs, parallel gc, windows-amd64)
GC Precious Log:
 CardTable entry size: 512
 CPUs: 8 total, 8 available
 Memory: 7915M
 Large Page Support: Disabled
 NUMA Support: Disabled
 Compressed Oops: Enabled (32-bit)
 Alignments: Space 512K, Generation 512K, Heap 2M
 Heap Min Capacity: 100M
 Heap Initial Capacity: 100M
 Heap Max Capacity: 2G
 Pre-touch: Disabled
 Parallel Workers: 8
Heap:
 PSYoungGen      total 24064K, used 24050K [0x00000000d5580000, 0x00000000d7c80000, 0x0000000100000000)
  eden space 20480K, 100% used [0x00000000d5580000,0x00000000d6980000,0x00000000d6980000)
  from space 3584K, 99% used [0x00000000d6980000,0x00000000d6cfc8b0,0x00000000d6d00000)
  to   space 9728K, 0% used [0x00000000d7300000,0x00000000d7300000,0x00000000d7c80000)
 ParOldGen       total 68608K, used 24081K [0x0000000080000000, 0x0000000084300000, 0x00000000d5580000)
  object space 68608K, 35% used [0x0000000080000000,0x0000000081784740,0x0000000084300000)
 Metaspace       used 43632K, committed 44928K, reserved 1114112K
  class space    used 4717K, committed 5312K, reserved 1048576K
GC Heap History (20 events):
Event: 16.620 GC heap before
{Heap before GC invocations=10 (full 1):
 PSYoungGen      total 28160K, used 24064K [0x00000000d5580000, 0x00000000d7700000, 0x0000000100000000)
  eden space 24064K, 100% used [0x00000000d5580000,0x00000000d6d00000,0x00000000d6d00000)
  from space 4096K, 0% used [0x00000000d7300000,0x00000000d7300000,0x00000000d7700000)
  to   space 5120K, 0% used [0x00000000d6d00000,0x00000000d6d00000,0x00000000d7200000)
 ParOldGen       total 68608K, used 13252K [0x0000000080000000, 0x0000000084300000, 0x00000000d5580000)
  object space 68608K, 19% used [0x0000000080000000,0x0000000080cf10a0,0x0000000084300000)
 Metaspace       used 22732K, committed 23616K, reserved 1114112K
  class space    used 2381K, committed 2752K, reserved 1048576K
}
Event: 16.624 GC heap after
{Heap after GC invocations=10 (full 1):
 PSYoungGen      total 27136K, used 3178K [0x00000000d5580000, 0x00000000d7480000, 0x0000000100000000)
  eden space 23552K, 0% used [0x00000000d5580000,0x00000000d5580000,0x00000000d6c80000)
  from space 3584K, 88% used [0x00000000d6d00000,0x00000000d701a900,0x00000000d7080000)
  to   space 4096K, 0% used [0x00000000d7080000,0x00000000d7080000,0x00000000d7480000)
 ParOldGen       total 68608K, used 13260K [0x0000000080000000, 0x0000000084300000, 0x00000000d5580000)
  object space 68608K, 19% used [0x0000000080000000,0x0000000080cf30a0,0x0000000084300000)
 Metaspace       used 22732K, committed 23616K, reserved 1114112K
  class space    used 2381K, committed 2752K, reserved 1048576K
}
Event: 17.318 GC heap before
{Heap before GC invocations=11 (full 1):
 PSYoungGen      total 27136K, used 26513K [0x00000000d5580000, 0x00000000d7480000, 0x0000000100000000)
  eden space 23552K, 99% used [0x00000000d5580000,0x00000000d6c49d28,0x00000000d6c80000)
  from space 3584K, 88% used [0x00000000d6d00000,0x00000000d701a900,0x00000000d7080000)
  to   space 4096K, 0% used [0x00000000d7080000,0x00000000d7080000,0x00000000d7480000)
 ParOldGen       total 68608K, used 13260K [0x0000000080000000, 0x0000000084300000, 0x00000000d5580000)
  object space 68608K, 19% used [0x0000000080000000,0x0000000080cf30a0,0x0000000084300000)
 Metaspace       used 26369K, committed 27392K, reserved 1114112K
  class space    used 2661K, committed 3072K, reserved 1048576K
}
Event: 17.325 GC heap after
{Heap after GC invocations=11 (full 1):
 PSYoungGen      total 24576K, used 1400K [0x00000000d5580000, 0x00000000d7200000, 0x0000000100000000)
  eden space 23040K, 0% used [0x00000000d5580000,0x00000000d5580000,0x00000000d6c00000)
  from space 1536K, 91% used [0x00000000d7080000,0x00000000d71de360,0x00000000d7200000)
  to   space 2560K, 0% used [0x00000000d6d00000,0x00000000d6d00000,0x00000000d6f80000)
 ParOldGen       total 68608K, used 13268K [0x0000000080000000, 0x0000000084300000, 0x00000000d5580000)
  object space 68608K, 19% used [0x0000000080000000,0x0000000080cf50a0,0x0000000084300000)
 Metaspace       used 26369K, committed 27392K, reserved 1114112K
  class space    used 2661K, committed 3072K, reserved 1048576K
}
Event: 17.649 GC heap before
{Heap before GC invocations=12 (full 1):
 PSYoungGen      total 24576K, used 24440K [0x00000000d5580000, 0x00000000d7200000, 0x0000000100000000)
  eden space 23040K, 100% used [0x00000000d5580000,0x00000000d6c00000,0x00000000d6c00000)
  from space 1536K, 91% used [0x00000000d7080000,0x00000000d71de360,0x00000000d7200000)
  to   space 2560K, 0% used [0x00000000d6d00000,0x00000000d6d00000,0x00000000d6f80000)
 ParOldGen       total 68608K, used 13461K [0x0000000080000000, 0x0000000084300000, 0x00000000d5580000)
  object space 68608K, 19% used [0x0000000080000000,0x0000000080d257c0,0x0000000084300000)
 Metaspace       used 28348K, committed 29376K, reserved 1114112K
  class space    used 2842K, committed 3264K, reserved 1048576K
}
Event: 17.656 GC heap after
{Heap after GC invocations=12 (full 1):
 PSYoungGen      total 25088K, used 2024K [0x00000000d5580000, 0x00000000d7100000, 0x0000000100000000)
  eden space 23040K, 0% used [0x00000000d5580000,0x00000000d5580000,0x00000000d6c00000)
  from space 2048K, 98% used [0x00000000d6d00000,0x00000000d6efa2b0,0x00000000d6f00000)
  to   space 2048K, 0% used [0x00000000d6f00000,0x00000000d6f00000,0x00000000d7100000)
 ParOldGen       total 68608K, used 14676K [0x0000000080000000, 0x0000000084300000, 0x00000000d5580000)
  object space 68608K, 21% used [0x0000000080000000,0x0000000080e550a0,0x0000000084300000)
 Metaspace       used 28348K, committed 29376K, reserved 1114112K
  class space    used 2842K, committed 3264K, reserved 1048576K
}
Event: 18.287 GC heap before
{Heap before GC invocations=13 (full 1):
 PSYoungGen      total 25088K, used 25064K [0x00000000d5580000, 0x00000000d7100000, 0x0000000100000000)
  eden space 23040K, 100% used [0x00000000d5580000,0x00000000d6c00000,0x00000000d6c00000)
  from space 2048K, 98% used [0x00000000d6d00000,0x00000000d6efa2b0,0x00000000d6f00000)
  to   space 2048K, 0% used [0x00000000d6f00000,0x00000000d6f00000,0x00000000d7100000)
 ParOldGen       total 68608K, used 14694K [0x0000000080000000, 0x0000000084300000, 0x00000000d5580000)
  object space 68608K, 21% used [0x0000000080000000,0x0000000080e59bb0,0x0000000084300000)
 Metaspace       used 30748K, committed 31808K, reserved 1114112K
  class space    used 3139K, committed 3584K, reserved 1048576K
}
Event: 18.294 GC heap after
{Heap after GC invocations=13 (full 1):
 PSYoungGen      total 23552K, used 871K [0x00000000d5580000, 0x00000000d7000000, 0x0000000100000000)
  eden space 22528K, 0% used [0x00000000d5580000,0x00000000d5580000,0x00000000d6b80000)
  from space 1024K, 85% used [0x00000000d6f00000,0x00000000d6fd9c28,0x00000000d7000000)
  to   space 1536K, 0% used [0x00000000d6d00000,0x00000000d6d00000,0x00000000d6e80000)
 ParOldGen       total 68608K, used 16551K [0x0000000080000000, 0x0000000084300000, 0x00000000d5580000)
  object space 68608K, 24% used [0x0000000080000000,0x0000000081029db0,0x0000000084300000)
 Metaspace       used 30748K, committed 31808K, reserved 1114112K
  class space    used 3139K, committed 3584K, reserved 1048576K
}
Event: 19.142 GC heap before
{Heap before GC invocations=14 (full 1):
 PSYoungGen      total 23552K, used 23399K [0x00000000d5580000, 0x00000000d7000000, 0x0000000100000000)
  eden space 22528K, 100% used [0x00000000d5580000,0x00000000d6b80000,0x00000000d6b80000)
  from space 1024K, 85% used [0x00000000d6f00000,0x00000000d6fd9c28,0x00000000d7000000)
  to   space 1536K, 0% used [0x00000000d6d00000,0x00000000d6d00000,0x00000000d6e80000)
 ParOldGen       total 68608K, used 16551K [0x0000000080000000, 0x0000000084300000, 0x00000000d5580000)
  object space 68608K, 24% used [0x0000000080000000,0x0000000081029db0,0x0000000084300000)
 Metaspace       used 32898K, committed 34048K, reserved 1114112K
  class space    used 3385K, committed 3840K, reserved 1048576K
}
Event: 19.148 GC heap after
{Heap after GC invocations=14 (full 1):
 PSYoungGen      total 23552K, used 1423K [0x00000000d5580000, 0x00000000d6f80000, 0x0000000100000000)
  eden space 22016K, 0% used [0x00000000d5580000,0x00000000d5580000,0x00000000d6b00000)
  from space 1536K, 92% used [0x00000000d6d00000,0x00000000d6e63c00,0x00000000d6e80000)
  to   space 1024K, 0% used [0x00000000d6e80000,0x00000000d6e80000,0x00000000d6f80000)
 ParOldGen       total 68608K, used 17175K [0x0000000080000000, 0x0000000084300000, 0x00000000d5580000)
  object space 68608K, 25% used [0x0000000080000000,0x00000000810c5df0,0x0000000084300000)
 Metaspace       used 32898K, committed 34048K, reserved 1114112K
  class space    used 3385K, committed 3840K, reserved 1048576K
}
Event: 20.287 GC heap before
{Heap before GC invocations=15 (full 1):
 PSYoungGen      total 23552K, used 22866K [0x00000000d5580000, 0x00000000d6f80000, 0x0000000100000000)
  eden space 22016K, 97% used [0x00000000d5580000,0x00000000d6a70fb8,0x00000000d6b00000)
  from space 1536K, 92% used [0x00000000d6d00000,0x00000000d6e63c00,0x00000000d6e80000)
  to   space 1024K, 0% used [0x00000000d6e80000,0x00000000d6e80000,0x00000000d6f80000)
 ParOldGen       total 68608K, used 17175K [0x0000000080000000, 0x0000000084300000, 0x00000000d5580000)
  object space 68608K, 25% used [0x0000000080000000,0x00000000810c5df0,0x0000000084300000)
 Metaspace       used 34782K, committed 35840K, reserved 1114112K
  class space    used 3608K, committed 4096K, reserved 1048576K
}
Event: 20.297 GC heap after
{Heap after GC invocations=15 (full 1):
 PSYoungGen      total 23040K, used 1005K [0x00000000d5580000, 0x00000000d7000000, 0x0000000100000000)
  eden space 22016K, 0% used [0x00000000d5580000,0x00000000d5580000,0x00000000d6b00000)
  from space 1024K, 98% used [0x00000000d6e80000,0x00000000d6f7b6f0,0x00000000d6f80000)
  to   space 2560K, 0% used [0x00000000d6b00000,0x00000000d6b00000,0x00000000d6d80000)
 ParOldGen       total 68608K, used 18489K [0x0000000080000000, 0x0000000084300000, 0x00000000d5580000)
  object space 68608K, 26% used [0x0000000080000000,0x000000008120e7b0,0x0000000084300000)
 Metaspace       used 34782K, committed 35840K, reserved 1114112K
  class space    used 3608K, committed 4096K, reserved 1048576K
}
Event: 20.297 GC heap before
{Heap before GC invocations=16 (full 2):
 PSYoungGen      total 23040K, used 1005K [0x00000000d5580000, 0x00000000d7000000, 0x0000000100000000)
  eden space 22016K, 0% used [0x00000000d5580000,0x00000000d5580000,0x00000000d6b00000)
  from space 1024K, 98% used [0x00000000d6e80000,0x00000000d6f7b6f0,0x00000000d6f80000)
  to   space 2560K, 0% used [0x00000000d6b00000,0x00000000d6b00000,0x00000000d6d80000)
 ParOldGen       total 68608K, used 18489K [0x0000000080000000, 0x0000000084300000, 0x00000000d5580000)
  object space 68608K, 26% used [0x0000000080000000,0x000000008120e7b0,0x0000000084300000)
 Metaspace       used 34782K, committed 35840K, reserved 1114112K
  class space    used 3608K, committed 4096K, reserved 1048576K
}
Event: 20.439 GC heap after
{Heap after GC invocations=16 (full 2):
 PSYoungGen      total 23040K, used 0K [0x00000000d5580000, 0x00000000d7000000, 0x0000000100000000)
  eden space 22016K, 0% used [0x00000000d5580000,0x00000000d5580000,0x00000000d6b00000)
  from space 1024K, 0% used [0x00000000d6e80000,0x00000000d6e80000,0x00000000d6f80000)
  to   space 2560K, 0% used [0x00000000d6b00000,0x00000000d6b00000,0x00000000d6d80000)
 ParOldGen       total 68608K, used 18584K [0x0000000080000000, 0x0000000084300000, 0x00000000d5580000)
  object space 68608K, 27% used [0x0000000080000000,0x0000000081226378,0x0000000084300000)
 Metaspace       used 34782K, committed 35840K, reserved 1114112K
  class space    used 3608K, committed 4096K, reserved 1048576K
}
Event: 21.114 GC heap before
{Heap before GC invocations=17 (full 2):
 PSYoungGen      total 23040K, used 22016K [0x00000000d5580000, 0x00000000d7000000, 0x0000000100000000)
  eden space 22016K, 100% used [0x00000000d5580000,0x00000000d6b00000,0x00000000d6b00000)
  from space 1024K, 0% used [0x00000000d6e80000,0x00000000d6e80000,0x00000000d6f80000)
  to   space 2560K, 0% used [0x00000000d6b00000,0x00000000d6b00000,0x00000000d6d80000)
 ParOldGen       total 68608K, used 18584K [0x0000000080000000, 0x0000000084300000, 0x00000000d5580000)
  object space 68608K, 27% used [0x0000000080000000,0x0000000081226378,0x0000000084300000)
 Metaspace       used 37416K, committed 38528K, reserved 1114112K
  class space    used 3941K, committed 4416K, reserved 1048576K
}
Event: 21.122 GC heap after
{Heap after GC invocations=17 (full 2):
 PSYoungGen      total 23552K, used 1209K [0x00000000d5580000, 0x00000000d6f00000, 0x0000000100000000)
  eden space 22016K, 0% used [0x00000000d5580000,0x00000000d5580000,0x00000000d6b00000)
  from space 1536K, 78% used [0x00000000d6b00000,0x00000000d6c2e5d0,0x00000000d6c80000)
  to   space 2048K, 0% used [0x00000000d6d00000,0x00000000d6d00000,0x00000000d6f00000)
 ParOldGen       total 68608K, used 18592K [0x0000000080000000, 0x0000000084300000, 0x00000000d5580000)
  object space 68608K, 27% used [0x0000000080000000,0x0000000081228378,0x0000000084300000)
 Metaspace       used 37416K, committed 38528K, reserved 1114112K
  class space    used 3941K, committed 4416K, reserved 1048576K
}
Event: 21.846 GC heap before
{Heap before GC invocations=18 (full 2):
 PSYoungGen      total 23552K, used 23225K [0x00000000d5580000, 0x00000000d6f00000, 0x0000000100000000)
  eden space 22016K, 100% used [0x00000000d5580000,0x00000000d6b00000,0x00000000d6b00000)
  from space 1536K, 78% used [0x00000000d6b00000,0x00000000d6c2e5d0,0x00000000d6c80000)
  to   space 2048K, 0% used [0x00000000d6d00000,0x00000000d6d00000,0x00000000d6f00000)
 ParOldGen       total 68608K, used 18592K [0x0000000080000000, 0x0000000084300000, 0x00000000d5580000)
  object space 68608K, 27% used [0x0000000080000000,0x0000000081228378,0x0000000084300000)
 Metaspace       used 39750K, committed 40896K, reserved 1114112K
  class space    used 4237K, committed 4736K, reserved 1048576K
}
Event: 21.852 GC heap after
{Heap after GC invocations=18 (full 2):
 PSYoungGen      total 22528K, used 2036K [0x00000000d5580000, 0x00000000d7200000, 0x0000000100000000)
  eden space 20480K, 0% used [0x00000000d5580000,0x00000000d5580000,0x00000000d6980000)
  from space 2048K, 99% used [0x00000000d6d00000,0x00000000d6efd310,0x00000000d6f00000)
  to   space 3584K, 0% used [0x00000000d6980000,0x00000000d6980000,0x00000000d6d00000)
 ParOldGen       total 68608K, used 19399K [0x0000000080000000, 0x0000000084300000, 0x00000000d5580000)
  object space 68608K, 28% used [0x0000000080000000,0x00000000812f1c90,0x0000000084300000)
 Metaspace       used 39750K, committed 40896K, reserved 1114112K
  class space    used 4237K, committed 4736K, reserved 1048576K
}
Event: 22.421 GC heap before
{Heap before GC invocations=19 (full 2):
 PSYoungGen      total 22528K, used 22516K [0x00000000d5580000, 0x00000000d7200000, 0x0000000100000000)
  eden space 20480K, 100% used [0x00000000d5580000,0x00000000d6980000,0x00000000d6980000)
  from space 2048K, 99% used [0x00000000d6d00000,0x00000000d6efd310,0x00000000d6f00000)
  to   space 3584K, 0% used [0x00000000d6980000,0x00000000d6980000,0x00000000d6d00000)
 ParOldGen       total 68608K, used 19399K [0x0000000080000000, 0x0000000084300000, 0x00000000d5580000)
  object space 68608K, 28% used [0x0000000080000000,0x00000000812f1c90,0x0000000084300000)
 Metaspace       used 41588K, committed 42816K, reserved 1114112K
  class space    used 4458K, committed 4992K, reserved 1048576K
}
Event: 22.438 GC heap after
{Heap after GC invocations=19 (full 2):
 PSYoungGen      total 24064K, used 3570K [0x00000000d5580000, 0x00000000d7c80000, 0x0000000100000000)
  eden space 20480K, 0% used [0x00000000d5580000,0x00000000d5580000,0x00000000d6980000)
  from space 3584K, 99% used [0x00000000d6980000,0x00000000d6cfc8b0,0x00000000d6d00000)
  to   space 9728K, 0% used [0x00000000d7300000,0x00000000d7300000,0x00000000d7c80000)
 ParOldGen       total 68608K, used 24081K [0x0000000080000000, 0x0000000084300000, 0x00000000d5580000)
  object space 68608K, 35% used [0x0000000080000000,0x0000000081784740,0x0000000084300000)
 Metaspace       used 41588K, committed 42816K, reserved 1114112K
  class space    used 4458K, committed 4992K, reserved 1048576K
}

