# JRE version: OpenJDK Runtime Environment Temurin-21.0.10+7 (21.0.10+7) (build 21.0.10+7-LTS)
# Java VM: OpenJDK 64-Bit Server VM Temurin-21.0.10+7 (21.0.10+7-LTS, mixed mode, sharing, tiered, compressed oops, compressed class ptrs, parallel gc, windows-amd64)
GC Precious Log:
 CardTable entry size: 512
 CPUs: 8 total, 8 available
 Memory: 7915M
 Large Page Support: Disabled
 NUMA Support: Disabled
 Compressed Oops: Enabled (32-bit)
 Alignments: Space 512K, Generation 512K, Heap 2M
 Heap Min Capacity: 100M
 Heap Initial Capacity: 100M
 Heap Max Capacity: 2G
 Pre-touch: Disabled
 Parallel Workers: 8
Heap:
 PSYoungGen      total 19968K, used 16804K [0x00000000d5580000, 0x00000000d6a80000, 0x0000000100000000)
  eden space 19456K, 84% used [0x00000000d5580000,0x00000000d6579248,0x00000000d6880000)
  from space 512K, 87% used [0x00000000d6a00000,0x00000000d6a70000,0x00000000d6a80000)
  to   space 1024K, 0% used [0x00000000d6880000,0x00000000d6880000,0x00000000d6980000)
 ParOldGen       total 68608K, used 52509K [0x0000000080000000, 0x0000000084300000, 0x00000000d5580000)
  object space 68608K, 76% used [0x0000000080000000,0x00000000833474d8,0x0000000084300000)
 Metaspace       used 63523K, committed 64896K, reserved 1114112K
  class space    used 6916K, committed 7488K, reserved 1048576K
GC Heap History (20 events):
Event: 79.840 GC heap before
{Heap before GC invocations=38 (full 2):
 PSYoungGen      total 22016K, used 21984K [0x00000000d5580000, 0x00000000d6d80000, 0x0000000100000000)
  eden space 20480K, 100% used [0x00000000d5580000,0x00000000d6980000,0x00000000d6980000)
  from space 1536K, 97% used [0x00000000d6a00000,0x00000000d6b78000,0x00000000d6b80000)
  to   space 2048K, 0% used [0x00000000d6b80000,0x00000000d6b80000,0x00000000d6d80000)
 ParOldGen       total 68608K, used 52768K [0x0000000080000000, 0x0000000084300000, 0x00000000d5580000)
  object space 68608K, 76% used [0x0000000080000000,0x00000000833882c8,0x0000000084300000)
 Metaspace       used 55840K, committed 57216K, reserved 1114112K
  class space    used 6099K, committed 6720K, reserved 1048576K
}
Event: 79.847 GC heap after
{Heap after GC invocations=38 (full 2):
 PSYoungGen      total 22528K, used 1568K [0x00000000d5580000, 0x00000000d6d80000, 0x0000000100000000)
  eden space 20480K, 0% used [0x00000000d5580000,0x00000000d5580000,0x00000000d6980000)
  from space 2048K, 76% used [0x00000000d6b80000,0x00000000d6d08010,0x00000000d6d80000)
  to   space 2048K, 0% used [0x00000000d6980000,0x00000000d6980000,0x00000000d6b80000)
 ParOldGen       total 68608K, used 54050K [0x0000000080000000, 0x0000000084300000, 0x00000000d5580000)
  object space 68608K, 78% used [0x0000000080000000,0x00000000834c8820,0x0000000084300000)
 Metaspace       used 55840K, committed 57216K, reserved 1114112K
  class space    used 6099K, committed 6720K, reserved 1048576K
}
Event: 80.070 GC heap before
{Heap before GC invocations=39 (full 2):
 PSYoungGen      total 22528K, used 22048K [0x00000000d5580000, 0x00000000d6d80000, 0x0000000100000000)
  eden space 20480K, 100% used [0x00000000d5580000,0x00000000d6980000,0x00000000d6980000)
  from space 2048K, 76% used [0x00000000d6b80000,0x00000000d6d08010,0x00000000d6d80000)
  to   space 2048K, 0% used [0x00000000d6980000,0x00000000d6980000,0x00000000d6b80000)
 ParOldGen       total 68608K, used 54050K [0x0000000080000000, 0x0000000084300000, 0x00000000d5580000)
  object space 68608K, 78% used [0x0000000080000000,0x00000000834c8820,0x0000000084300000)
 Metaspace       used 56145K, committed 57472K, reserved 1114112K
  class space    used 6139K, committed 6720K, reserved 1048576K
}
Event: 80.079 GC heap after
{Heap after GC invocations=39 (full 2):
 PSYoungGen      total 22016K, used 1440K [0x00000000d5580000, 0x00000000d6c80000, 0x0000000100000000)
  eden space 20480K, 0% used [0x00000000d5580000,0x00000000d5580000,0x00000000d6980000)
  from space 1536K, 93% used [0x00000000d6980000,0x00000000d6ae8000,0x00000000d6b00000)
  to   space 1536K, 0% used [0x00000000d6b00000,0x00000000d6b00000,0x00000000d6c80000)
 ParOldGen       total 68608K, used 55522K [0x0000000080000000, 0x0000000084300000, 0x00000000d5580000)
  object space 68608K, 80% used [0x0000000080000000,0x0000000083638830,0x0000000084300000)
 Metaspace       used 56145K, committed 57472K, reserved 1114112K
  class space    used 6139K, committed 6720K, reserved 1048576K
}
Event: 80.318 GC heap before
{Heap before GC invocations=40 (full 2):
 PSYoungGen      total 22016K, used 21919K [0x00000000d5580000, 0x00000000d6c80000, 0x0000000100000000)
  eden space 20480K, 99% used [0x00000000d5580000,0x00000000d697ffc8,0x00000000d6980000)
  from space 1536K, 93% used [0x00000000d6980000,0x00000000d6ae8000,0x00000000d6b00000)
  to   space 1536K, 0% used [0x00000000d6b00000,0x00000000d6b00000,0x00000000d6c80000)
 ParOldGen       total 68608K, used 55522K [0x0000000080000000, 0x0000000084300000, 0x00000000d5580000)
  object space 68608K, 80% used [0x0000000080000000,0x0000000083638830,0x0000000084300000)
 Metaspace       used 56487K, committed 57856K, reserved 1114112K
  class space    used 6181K, committed 6784K, reserved 1048576K
}
Event: 80.325 GC heap after
{Heap after GC invocations=40 (full 2):
 PSYoungGen      total 22016K, used 1312K [0x00000000d5580000, 0x00000000d6c80000, 0x0000000100000000)
  eden space 20480K, 0% used [0x00000000d5580000,0x00000000d5580000,0x00000000d6980000)
  from space 1536K, 85% used [0x00000000d6b00000,0x00000000d6c48000,0x00000000d6c80000)
  to   space 1536K, 0% used [0x00000000d6980000,0x00000000d6980000,0x00000000d6b00000)
 ParOldGen       total 68608K, used 56810K [0x0000000080000000, 0x0000000084300000, 0x00000000d5580000)
  object space 68608K, 82% used [0x0000000080000000,0x000000008377a830,0x0000000084300000)
 Metaspace       used 56487K, committed 57856K, reserved 1114112K
  class space    used 6181K, committed 6784K, reserved 1048576K
}
Event: 81.143 GC heap before
{Heap before GC invocations=41 (full 2):
 PSYoungGen      total 22016K, used 21792K [0x00000000d5580000, 0x00000000d6c80000, 0x0000000100000000)
  eden space 20480K, 100% used [0x00000000d5580000,0x00000000d6980000,0x00000000d6980000)
  from space 1536K, 85% used [0x00000000d6b00000,0x00000000d6c48000,0x00000000d6c80000)
  to   space 1536K, 0% used [0x00000000d6980000,0x00000000d6980000,0x00000000d6b00000)
 ParOldGen       total 68608K, used 56810K [0x0000000080000000, 0x0000000084300000, 0x00000000d5580000)
  object space 68608K, 82% used [0x0000000080000000,0x000000008377a830,0x0000000084300000)
 Metaspace       used 56947K, committed 58304K, reserved 1114112K
  class space    used 6232K, committed 6848K, reserved 1048576K
}
Event: 81.149 GC heap after
{Heap after GC invocations=41 (full 2):
 PSYoungGen      total 21504K, used 728K [0x00000000d5580000, 0x00000000d6b80000, 0x0000000100000000)
  eden space 20480K, 0% used [0x00000000d5580000,0x00000000d5580000,0x00000000d6980000)
  from space 1024K, 71% used [0x00000000d6980000,0x00000000d6a36010,0x00000000d6a80000)
  to   space 1024K, 0% used [0x00000000d6a80000,0x00000000d6a80000,0x00000000d6b80000)
 ParOldGen       total 68608K, used 57983K [0x0000000080000000, 0x0000000084300000, 0x00000000d5580000)
  object space 68608K, 84% used [0x0000000080000000,0x000000008389fcb0,0x0000000084300000)
 Metaspace       used 56947K, committed 58304K, reserved 1114112K
  class space    used 6232K, committed 6848K, reserved 1048576K
}
Event: 81.891 GC heap before
{Heap before GC invocations=42 (full 2):
 PSYoungGen      total 21504K, used 15729K [0x00000000d5580000, 0x00000000d6b80000, 0x0000000100000000)
  eden space 20480K, 73% used [0x00000000d5580000,0x00000000d64266b8,0x00000000d6980000)
  from space 1024K, 71% used [0x00000000d6980000,0x00000000d6a36010,0x00000000d6a80000)
  to   space 1024K, 0% used [0x00000000d6a80000,0x00000000d6a80000,0x00000000d6b80000)
 ParOldGen       total 68608K, used 57983K [0x0000000080000000, 0x0000000084300000, 0x00000000d5580000)
  object space 68608K, 84% used [0x0000000080000000,0x000000008389fcb0,0x0000000084300000)
 Metaspace       used 58466K, committed 59776K, reserved 1114112K
  class space    used 6437K, committed 7040K, reserved 1048576K
}
Event: 81.895 GC heap after
{Heap after GC invocations=42 (full 2):
 PSYoungGen      total 21504K, used 952K [0x00000000d5580000, 0x00000000d6b80000, 0x0000000100000000)
  eden space 20480K, 0% used [0x00000000d5580000,0x00000000d5580000,0x00000000d6980000)
  from space 1024K, 93% used [0x00000000d6a80000,0x00000000d6b6e288,0x00000000d6b80000)
  to   space 1024K, 0% used [0x00000000d6980000,0x00000000d6980000,0x00000000d6a80000)
 ParOldGen       total 68608K, used 58559K [0x0000000080000000, 0x0000000084300000, 0x00000000d5580000)
  object space 68608K, 85% used [0x0000000080000000,0x000000008392fcc0,0x0000000084300000)
 Metaspace       used 58466K, committed 59776K, reserved 1114112K
  class space    used 6437K, committed 7040K, reserved 1048576K
}
Event: 81.895 GC heap before
{Heap before GC invocations=43 (full 3):
 PSYoungGen      total 21504K, used 952K [0x00000000d5580000, 0x00000000d6b80000, 0x0000000100000000)
  eden space 20480K, 0% used [0x00000000d5580000,0x00000000d5580000,0x00000000d6980000)
  from space 1024K, 93% used [0x00000000d6a80000,0x00000000d6b6e288,0x00000000d6b80000)
  to   space 1024K, 0% used [0x00000000d6980000,0x00000000d6980000,0x00000000d6a80000)
 ParOldGen       total 68608K, used 58559K [0x0000000080000000, 0x0000000084300000, 0x00000000d5580000)
  object space 68608K, 85% used [0x0000000080000000,0x000000008392fcc0,0x0000000084300000)
 Metaspace       used 58466K, committed 59776K, reserved 1114112K
  class space    used 6437K, committed 7040K, reserved 1048576K
}
Event: 82.133 GC heap after
{Heap after GC invocations=43 (full 3):
 PSYoungGen      total 21504K, used 0K [0x00000000d5580000, 0x00000000d6b80000, 0x0000000100000000)
  eden space 20480K, 0% used [0x00000000d5580000,0x00000000d5580000,0x00000000d6980000)
  from space 1024K, 0% used [0x00000000d6a80000,0x00000000d6a80000,0x00000000d6b80000)
  to   space 1024K, 0% used [0x00000000d6980000,0x00000000d6980000,0x00000000d6a80000)
 ParOldGen       total 68608K, used 51117K [0x0000000080000000, 0x0000000084300000, 0x00000000d5580000)
  object space 68608K, 74% used [0x0000000080000000,0x00000000831eb488,0x0000000084300000)
 Metaspace       used 58466K, committed 59776K, reserved 1114112K
  class space    used 6437K, committed 7040K, reserved 1048576K
}
Event: 83.378 GC heap before
{Heap before GC invocations=44 (full 3):
 PSYoungGen      total 21504K, used 20480K [0x00000000d5580000, 0x00000000d6b80000, 0x0000000100000000)
  eden space 20480K, 100% used [0x00000000d5580000,0x00000000d6980000,0x00000000d6980000)
  from space 1024K, 0% used [0x00000000d6a80000,0x00000000d6a80000,0x00000000d6b80000)
  to   space 1024K, 0% used [0x00000000d6980000,0x00000000d6980000,0x00000000d6a80000)
 ParOldGen       total 68608K, used 51117K [0x0000000080000000, 0x0000000084300000, 0x00000000d5580000)
  object space 68608K, 74% used [0x0000000080000000,0x00000000831eb488,0x0000000084300000)
 Metaspace       used 59571K, committed 60928K, reserved 1114112K
  class space    used 6564K, committed 7168K, reserved 1048576K
}
Event: 83.381 GC heap after
{Heap after GC invocations=44 (full 3):
 PSYoungGen      total 21504K, used 512K [0x00000000d5580000, 0x00000000d6b80000, 0x0000000100000000)
  eden space 20480K, 0% used [0x00000000d5580000,0x00000000d5580000,0x00000000d6980000)
  from space 1024K, 50% used [0x00000000d6980000,0x00000000d6a00010,0x00000000d6a80000)
  to   space 1024K, 0% used [0x00000000d6a80000,0x00000000d6a80000,0x00000000d6b80000)
 ParOldGen       total 68608K, used 51125K [0x0000000080000000, 0x0000000084300000, 0x00000000d5580000)
  object space 68608K, 74% used [0x0000000080000000,0x00000000831ed488,0x0000000084300000)
 Metaspace       used 59571K, committed 60928K, reserved 1114112K
  class space    used 6564K, committed 7168K, reserved 1048576K
}
Event: 84.190 GC heap before
{Heap before GC invocations=45 (full 3):
 PSYoungGen      total 21504K, used 20992K [0x00000000d5580000, 0x00000000d6b80000, 0x0000000100000000)
  eden space 20480K, 100% used [0x00000000d5580000,0x00000000d6980000,0x00000000d6980000)
  from space 1024K, 50% used [0x00000000d6980000,0x00000000d6a00010,0x00000000d6a80000)
  to   space 1024K, 0% used [0x00000000d6a80000,0x00000000d6a80000,0x00000000d6b80000)
 ParOldGen       total 68608K, used 51125K [0x0000000080000000, 0x0000000084300000, 0x00000000d5580000)
  object space 68608K, 74% used [0x0000000080000000,0x00000000831ed488,0x0000000084300000)
 Metaspace       used 60678K, committed 62016K, reserved 1114112K
  class space    used 6666K, committed 7232K, reserved 1048576K
}
Event: 84.194 GC heap after
{Heap after GC invocations=45 (full 3):
 PSYoungGen      total 20480K, used 1020K [0x00000000d5580000, 0x00000000d6d80000, 0x0000000100000000)
  eden space 19456K, 0% used [0x00000000d5580000,0x00000000d5580000,0x00000000d6880000)
  from space 1024K, 99% used [0x00000000d6a80000,0x00000000d6b7f0e8,0x00000000d6b80000)
  to   space 2048K, 0% used [0x00000000d6880000,0x00000000d6880000,0x00000000d6a80000)
 ParOldGen       total 68608K, used 51586K [0x0000000080000000, 0x0000000084300000, 0x00000000d5580000)
  object space 68608K, 75% used [0x0000000080000000,0x0000000083260838,0x0000000084300000)
 Metaspace       used 60678K, committed 62016K, reserved 1114112K
  class space    used 6666K, committed 7232K, reserved 1048576K
}
Event: 84.537 GC heap before
{Heap before GC invocations=46 (full 3):
 PSYoungGen      total 20480K, used 20469K [0x00000000d5580000, 0x00000000d6d80000, 0x0000000100000000)
  eden space 19456K, 99% used [0x00000000d5580000,0x00000000d687e580,0x00000000d6880000)
  from space 1024K, 99% used [0x00000000d6a80000,0x00000000d6b7f0e8,0x00000000d6b80000)
  to   space 2048K, 0% used [0x00000000d6880000,0x00000000d6880000,0x00000000d6a80000)
 ParOldGen       total 68608K, used 51586K [0x0000000080000000, 0x0000000084300000, 0x00000000d5580000)
  object space 68608K, 75% used [0x0000000080000000,0x0000000083260838,0x0000000084300000)
 Metaspace       used 60699K, committed 62016K, reserved 1114112K
  class space    used 6666K, committed 7232K, reserved 1048576K
}
Event: 84.539 GC heap after
{Heap after GC invocations=46 (full 3):
 PSYoungGen      total 19968K, used 463K [0x00000000d5580000, 0x00000000d6b00000, 0x0000000100000000)
  eden space 19456K, 0% used [0x00000000d5580000,0x00000000d5580000,0x00000000d6880000)
  from space 512K, 90% used [0x00000000d6880000,0x00000000d68f3fd8,0x00000000d6900000)
  to   space 1024K, 0% used [0x00000000d6a00000,0x00000000d6a00000,0x00000000d6b00000)
 ParOldGen       total 68608K, used 52485K [0x0000000080000000, 0x0000000084300000, 0x00000000d5580000)
  object space 68608K, 76% used [0x0000000080000000,0x00000000833414d8,0x0000000084300000)
 Metaspace       used 60699K, committed 62016K, reserved 1114112K
  class space    used 6666K, committed 7232K, reserved 1048576K
}
Event: 85.516 GC heap before
{Heap before GC invocations=47 (full 3):
 PSYoungGen      total 19968K, used 19919K [0x00000000d5580000, 0x00000000d6b00000, 0x0000000100000000)
  eden space 19456K, 100% used [0x00000000d5580000,0x00000000d6880000,0x00000000d6880000)
  from space 512K, 90% used [0x00000000d6880000,0x00000000d68f3fd8,0x00000000d6900000)
  to   space 1024K, 0% used [0x00000000d6a00000,0x00000000d6a00000,0x00000000d6b00000)
 ParOldGen       total 68608K, used 52485K [0x0000000080000000, 0x0000000084300000, 0x00000000d5580000)
  object space 68608K, 76% used [0x0000000080000000,0x00000000833414d8,0x0000000084300000)
 Metaspace       used 62798K, committed 64192K, reserved 1114112K
  class space    used 6846K, committed 7424K, reserved 1048576K
}
Event: 85.519 GC heap after
{Heap after GC invocations=47 (full 3):
 PSYoungGen      total 19968K, used 448K [0x00000000d5580000, 0x00000000d6a80000, 0x0000000100000000)
  eden space 19456K, 0% used [0x00000000d5580000,0x00000000d5580000,0x00000000d6880000)
  from space 512K, 87% used [0x00000000d6a00000,0x00000000d6a70000,0x00000000d6a80000)
  to   space 1024K, 0% used [0x00000000d6880000,0x00000000d6880000,0x00000000d6980000)
 ParOldGen       total 68608K, used 52509K [0x0000000080000000, 0x0000000084300000, 0x00000000d5580000)
  object space 68608K, 76% used [0x0000000080000000,0x00000000833474d8,0x0000000084300000)
 Metaspace       used 62798K, committed 64192K, reserved 1114112K
  class space    used 6846K, committed 7424K, reserved 1048576K
}

